<?xml version="1.0" encoding="UTF-8"?>
<!-- Generated by org.testng.reporters.JUnitReportReporter -->
<testsuite skipped="0" hostname="idea-PC" name="tests.LoginTests" tests="1" failures="0" timestamp="17 Mar 2019 06:55:25 GMT" time="27.662" errors="0">
  <testcase name="verifyLogin" time="27.662" classname="tests.LoginTests"/>
</testsuite> <!-- tests.LoginTests -->
